<?xml version="1.0" encoding="UTF-8"?>
<testng-results skipped="0" failed="1" total="3" passed="2">
  <reporter-output>
  </reporter-output>
  <suite name="Suite" duration-ms="32650" started-at="2019-10-28T02:53:54Z" finished-at="2019-10-28T02:54:27Z">
    <groups>
    </groups>
    <test name="AppTest" duration-ms="0" started-at="2019-10-28T02:53:54Z" finished-at="2019-10-28T02:53:54Z">
    </test> <!-- AppTest -->
    <test name="Homepage" duration-ms="20189" started-at="2019-10-28T02:53:54Z" finished-at="2019-10-28T02:54:15Z">
      <class name="Academy.E2EProject.HomePage">
        <test-method status="PASS" signature="initialize()[pri:0, instance:Academy.E2EProject.HomePage@2794eab6]" name="initialize" is-config="true" duration-ms="3261" started-at="2019-10-27T22:53:54Z" finished-at="2019-10-27T22:53:58Z">
          <reporter-output>
          </reporter-output>
        </test-method> <!-- initialize -->
        <test-method status="PASS" signature="baseNavigation(java.lang.String, java.lang.String)[pri:0, instance:Academy.E2EProject.HomePage@2794eab6]" name="baseNavigation" duration-ms="12215" started-at="2019-10-27T22:53:58Z" data-provider="getData" finished-at="2019-10-27T22:54:10Z">
          <params>
            <param index="0">
              <value>
                <![CDATA[non-restricteduser@email.com]]>
              </value>
            </param>
            <param index="1">
              <value>
                <![CDATA[nonrestricted123]]>
              </value>
            </param>
          </params>
          <reporter-output>
          </reporter-output>
        </test-method> <!-- baseNavigation -->
        <test-method status="PASS" signature="baseNavigation(java.lang.String, java.lang.String)[pri:0, instance:Academy.E2EProject.HomePage@2794eab6]" name="baseNavigation" duration-ms="4621" started-at="2019-10-27T22:54:10Z" data-provider="getData" finished-at="2019-10-27T22:54:15Z">
          <params>
            <param index="0">
              <value>
                <![CDATA[restricteduser@email.com]]>
              </value>
            </param>
            <param index="1">
              <value>
                <![CDATA[restricted123]]>
              </value>
            </param>
          </params>
          <reporter-output>
          </reporter-output>
        </test-method> <!-- baseNavigation -->
        <test-method status="PASS" signature="ClosingDriver()[pri:0, instance:Academy.E2EProject.HomePage@2794eab6]" name="ClosingDriver" is-config="true" duration-ms="85" started-at="2019-10-27T22:54:15Z" finished-at="2019-10-27T22:54:15Z">
          <reporter-output>
          </reporter-output>
        </test-method> <!-- ClosingDriver -->
      </class> <!-- Academy.E2EProject.HomePage -->
    </test> <!-- Homepage -->
    <test name="TitleValidation&gt;" duration-ms="12440" started-at="2019-10-28T02:54:15Z" finished-at="2019-10-28T02:54:27Z">
      <class name="Academy.E2EProject.Titlevalidation">
        <test-method status="PASS" signature="initialize()[pri:0, instance:Academy.E2EProject.Titlevalidation@20140db9]" name="initialize" is-config="true" duration-ms="11549" started-at="2019-10-27T22:54:15Z" finished-at="2019-10-27T22:54:26Z">
          <reporter-output>
          </reporter-output>
        </test-method> <!-- initialize -->
        <test-method status="FAIL" signature="baseNavigation()[pri:0, instance:Academy.E2EProject.Titlevalidation@20140db9]" name="baseNavigation" duration-ms="107" started-at="2019-10-27T22:54:26Z" finished-at="2019-10-27T22:54:26Z">
          <exception class="java.lang.AssertionError">
            <message>
              <![CDATA[expected [FEATURED COURSES123] but found [FEATURED COURSES]]]>
            </message>
            <full-stacktrace>
              <![CDATA[java.lang.AssertionError: expected [FEATURED COURSES123] but found [FEATURED COURSES]
	at org.testng.Assert.fail(Assert.java:94)
	at org.testng.Assert.failNotEquals(Assert.java:513)
	at org.testng.Assert.assertEqualsImpl(Assert.java:135)
	at org.testng.Assert.assertEquals(Assert.java:116)
	at org.testng.Assert.assertEquals(Assert.java:190)
	at org.testng.Assert.assertEquals(Assert.java:200)
	at Academy.E2EProject.Titlevalidation.baseNavigation(Titlevalidation.java:25)
	at sun.reflect.NativeMethodAccessorImpl.invoke0(Native Method)
	at sun.reflect.NativeMethodAccessorImpl.invoke(NativeMethodAccessorImpl.java:62)
	at sun.reflect.DelegatingMethodAccessorImpl.invoke(DelegatingMethodAccessorImpl.java:43)
	at java.lang.reflect.Method.invoke(Method.java:498)
	at org.testng.internal.MethodInvocationHelper.invokeMethod(MethodInvocationHelper.java:86)
	at org.testng.internal.Invoker.invokeMethod(Invoker.java:643)
	at org.testng.internal.Invoker.invokeTestMethod(Invoker.java:820)
	at org.testng.internal.Invoker.invokeTestMethods(Invoker.java:1128)
	at org.testng.internal.TestMethodWorker.invokeTestMethods(TestMethodWorker.java:129)
	at org.testng.internal.TestMethodWorker.run(TestMethodWorker.java:112)
	at org.testng.TestRunner.privateRun(TestRunner.java:782)
	at org.testng.TestRunner.run(TestRunner.java:632)
	at org.testng.SuiteRunner.runTest(SuiteRunner.java:366)
	at org.testng.SuiteRunner.runSequentially(SuiteRunner.java:361)
	at org.testng.SuiteRunner.privateRun(SuiteRunner.java:319)
	at org.testng.SuiteRunner.run(SuiteRunner.java:268)
	at org.testng.SuiteRunnerWorker.runSuite(SuiteRunnerWorker.java:52)
	at org.testng.SuiteRunnerWorker.run(SuiteRunnerWorker.java:86)
	at org.testng.TestNG.runSuitesSequentially(TestNG.java:1244)
	at org.testng.TestNG.runSuitesLocally(TestNG.java:1169)
	at org.testng.TestNG.run(TestNG.java:1064)
	at org.apache.maven.surefire.testng.TestNGExecutor.run(TestNGExecutor.java:283)
	at org.apache.maven.surefire.testng.TestNGXmlTestSuite.execute(TestNGXmlTestSuite.java:75)
	at org.apache.maven.surefire.testng.TestNGProvider.invoke(TestNGProvider.java:120)
	at org.apache.maven.surefire.booter.ForkedBooter.invokeProviderInSameClassLoader(ForkedBooter.java:384)
	at org.apache.maven.surefire.booter.ForkedBooter.runSuitesInProcess(ForkedBooter.java:345)
	at org.apache.maven.surefire.booter.ForkedBooter.execute(ForkedBooter.java:126)
	at org.apache.maven.surefire.booter.ForkedBooter.main(ForkedBooter.java:418)
]]>
            </full-stacktrace>
          </exception> <!-- java.lang.AssertionError -->
          <reporter-output>
          </reporter-output>
        </test-method> <!-- baseNavigation -->
        <test-method status="PASS" signature="ClosingDriver()[pri:0, instance:Academy.E2EProject.Titlevalidation@20140db9]" name="ClosingDriver" is-config="true" duration-ms="140" started-at="2019-10-27T22:54:27Z" finished-at="2019-10-27T22:54:27Z">
          <reporter-output>
          </reporter-output>
        </test-method> <!-- ClosingDriver -->
      </class> <!-- Academy.E2EProject.Titlevalidation -->
    </test> <!-- TitleValidation> -->
  </suite> <!-- Suite -->
</testng-results>
